  main.cpp
C:\Users\Vanya\source\repos\UpsellElo\UpsellElo\main.cpp(53,8): warning C4244: 'initializing': conversion from 'std::streamoff' to 'int', possible loss of data
C:\Users\Vanya\source\repos\UpsellElo\UpsellElo\main.cpp(147,14): warning C4244: '=': conversion from 'double' to 'uint16_t', possible loss of data
C:\Users\Vanya\source\repos\UpsellElo\UpsellElo\main.cpp(154,48): warning C4244: '=': conversion from 'double' to 'uint16_t', possible loss of data
C:\Users\Vanya\source\repos\UpsellElo\UpsellElo\main.cpp(161,31): warning C4244: 'return': conversion from 'double' to 'uint16_t', possible loss of data
C:\Users\Vanya\source\repos\UpsellElo\UpsellElo\main.cpp(205,29): warning C4244: '=': conversion from 'double' to 'uint16_t', possible loss of data
C:\Users\Vanya\source\repos\UpsellElo\UpsellElo\main.cpp(202,10): warning C4101: 'buffer': unreferenced local variable
C:\Users\Vanya\source\repos\UpsellElo\UpsellElo\main.cpp(273,10): warning C4244: 'initializing': conversion from 'std::streamoff' to 'int', possible loss of data
C:\Users\Vanya\source\repos\UpsellElo\UpsellElo\main.cpp(283,18): warning C4244: '=': conversion from 'std::streamoff' to 'int', possible loss of data
C:\Users\Vanya\source\repos\UpsellElo\UpsellElo\main.cpp(293,18): warning C4244: '=': conversion from 'std::streamoff' to 'int', possible loss of data
C:\Users\Vanya\source\repos\UpsellElo\UpsellElo\main.cpp(303,18): warning C4244: '=': conversion from 'std::streamoff' to 'int', possible loss of data
C:\Users\Vanya\source\repos\UpsellElo\UpsellElo\main.cpp(384,11): warning C4244: 'initializing': conversion from 'std::streamoff' to 'int', possible loss of data
C:\Users\Vanya\source\repos\UpsellElo\UpsellElo\main.cpp(405,19): warning C4244: '=': conversion from 'std::streamoff' to 'int', possible loss of data
C:\Users\Vanya\source\repos\UpsellElo\UpsellElo\main.cpp(458,11): warning C4244: 'initializing': conversion from 'std::streamoff' to 'int', possible loss of data
C:\Users\Vanya\source\repos\UpsellElo\UpsellElo\main.cpp(513,25): warning C4244: 'initializing': conversion from 'std::streamoff' to 'int', possible loss of data
C:\Users\Vanya\source\repos\UpsellElo\UpsellElo\main.cpp(597,12): warning C4244: 'initializing': conversion from 'std::streamoff' to 'int', possible loss of data
C:\Users\Vanya\source\repos\UpsellElo\UpsellElo\main.cpp(581,7): warning C4101: 'buffer': unreferenced local variable
C:\Users\Vanya\source\repos\UpsellElo\UpsellElo\main.cpp(108,23): warning C4244: 'initializing': conversion from 'std::streamoff' to 'int', possible loss of data
C:\Users\Vanya\source\repos\UpsellElo\UpsellElo\main.cpp(189): message : see reference to function template instantiation 'bool get_uint<uint8_t>(std::ifstream &,T &)' being compiled
          with
          [
              T=uint8_t
          ]
  UpsellElo.vcxproj -> C:\Users\Vanya\source\repos\UpsellElo\Debug\UpsellElo.exe
